[0m23:12:43.436216 [debug] [MainThread]: Sending event: {'category': 'dbt', 'action': 'invocation', 'label': 'start', 'context': [<snowplow_tracker.self_describing_json.SelfDescribingJson object at 0x00000203320F3E00>, <snowplow_tracker.self_describing_json.SelfDescribingJson object at 0x000002033205B860>, <snowplow_tracker.self_describing_json.SelfDescribingJson object at 0x00000203320F2AB0>]}


============================== 23:12:43.448261 | d422be5e-997f-45a2-a8b9-43f0b773c862 ==============================
[0m23:12:43.448261 [info ] [MainThread]: Running with dbt=1.8.7
[0m23:12:43.449275 [debug] [MainThread]: running dbt with arguments {'printer_width': '80', 'indirect_selection': 'eager', 'log_cache_events': 'False', 'write_json': 'True', 'partial_parse': 'True', 'cache_selected_only': 'False', 'profiles_dir': 'C:\\Users\\ermias.tadesse\\.dbt', 'version_check': 'True', 'fail_fast': 'False', 'log_path': 'logs', 'warn_error': 'None', 'debug': 'False', 'use_colors': 'True', 'use_experimental_parser': 'False', 'empty': 'None', 'quiet': 'False', 'no_print': 'None', 'warn_error_options': 'WarnErrorOptions(include=[], exclude=[])', 'invocation_command': 'dbt init my_project', 'introspect': 'True', 'static_parser': 'True', 'target_path': 'None', 'log_format': 'default', 'send_anonymous_usage_stats': 'True'}
[0m23:12:43.617460 [warn ] [MainThread]: [ConfigFolderDirectory]: Unable to parse dict {'dir': WindowsPath('C:/Users/ermias.tadesse/.dbt')}
[0m23:12:43.618563 [info ] [MainThread]: Creating dbt configuration folder at 
[0m23:12:43.632493 [debug] [MainThread]: Starter project path: C:\Users\ermias.tadesse\10x\Centralize-Ethiopian-medical-business-data\venv\Lib\site-packages\dbt\include\starter_project
[0m23:12:43.665604 [info ] [MainThread]: 
Your new dbt project "my_project" was created!

For more information on how to configure the profiles.yml file,
please consult the dbt documentation here:

  https://docs.getdbt.com/docs/configure-your-profile

One more thing:

Need help? Don't hesitate to reach out to us via GitHub issues or on Slack:

  https://community.getdbt.com/

Happy modeling!

[0m23:12:43.669592 [info ] [MainThread]: Setting up your profile.
[0m23:12:43.671595 [error] [MainThread]: Encountered an error:
Runtime Error
  No adapters available. Learn how to install an adapter by going to https://docs.getdbt.com/docs/connect-adapters#install-using-the-cli
[0m23:12:43.674591 [debug] [MainThread]: Command `dbt init` failed at 23:12:43.674591 after 0.53 seconds
[0m23:12:43.675674 [debug] [MainThread]: Sending event: {'category': 'dbt', 'action': 'invocation', 'label': 'end', 'context': [<snowplow_tracker.self_describing_json.SelfDescribingJson object at 0x00000203320F3E00>, <snowplow_tracker.self_describing_json.SelfDescribingJson object at 0x0000020332756420>, <snowplow_tracker.self_describing_json.SelfDescribingJson object at 0x0000020331EB05F0>]}
[0m23:12:43.675674 [debug] [MainThread]: Flushing usage events
